c:\users\bugra\documents\gıt_projects\opengl_sımple_examples\opengl_practıce\opengl_practıce\debug\vc141.pdb
c:\users\bugra\documents\gıt_projects\opengl_sımple_examples\opengl_practıce\opengl_practıce\debug\vc141.ıdb
c:\users\bugra\documents\gıt_projects\opengl_sımple_examples\opengl_practıce\opengl_practıce\debug\glad.obj
c:\users\bugra\documents\gıt_projects\opengl_sımple_examples\opengl_practıce\opengl_practıce\debug\helloworld.obj
c:\users\bugra\documents\gıt_projects\opengl_sımple_examples\opengl_practıce\debug\opengl_practıce.ılk
c:\users\bugra\documents\gıt_projects\opengl_sımple_examples\opengl_practıce\debug\opengl_practıce.exe
c:\users\bugra\documents\gıt_projects\opengl_sımple_examples\opengl_practıce\debug\opengl_practıce.pdb
c:\users\bugra\documents\git_projects\opengl_simple_examples\opengl_practice\opengl_practice\debug\glad.obj
c:\users\bugra\documents\git_projects\opengl_simple_examples\opengl_practice\opengl_practice\debug\helloworld.obj
c:\users\bugra\documents\git_projects\opengl_simple_examples\opengl_practice\opengl_practice\debug\manwhowrites.obj
c:\users\bugra\documents\git_projects\opengl_simple_examples\opengl_practice\opengl_practice\debug\source.obj
c:\users\bugra\documents\git_projects\opengl_simple_examples\opengl_practice\opengl_practice\debug\vc141.idb
c:\users\bugra\documents\git_projects\opengl_simple_examples\opengl_practice\opengl_practice\debug\vc141.pdb
c:\users\bugra\documents\git_projects\opengl_simple_examples\opengl_practice\debug\opengl_practice.pdb
c:\users\bugra\documents\git_projects\opengl_simple_examples\opengl_practice\debug\opengl_practice.exe
c:\users\bugra\documents\git_projects\opengl_simple_examples\opengl_practice\debug\opengl_practice.ilk
c:\users\bugra\documents\git_projects\opengl_simple_examples\opengl_practice\opengl_practice\debug\opengl_practice.tlog\cl.command.1.tlog
c:\users\bugra\documents\git_projects\opengl_simple_examples\opengl_practice\opengl_practice\debug\opengl_practice.tlog\cl.read.1.tlog
c:\users\bugra\documents\git_projects\opengl_simple_examples\opengl_practice\opengl_practice\debug\opengl_practice.tlog\cl.write.1.tlog
c:\users\bugra\documents\git_projects\opengl_simple_examples\opengl_practice\opengl_practice\debug\opengl_practice.tlog\link.command.1.tlog
c:\users\bugra\documents\git_projects\opengl_simple_examples\opengl_practice\opengl_practice\debug\opengl_practice.tlog\link.read.1.tlog
c:\users\bugra\documents\git_projects\opengl_simple_examples\opengl_practice\opengl_practice\debug\opengl_practice.tlog\link.write.1.tlog
