Build started 12.09.2018 17:09:57.
     1>Project "C:\Users\cagri.ozcan\Documents\Git_Projects\OPENGL\OpenGL_Practice\OpenGL_Practice\OpenGL_Practice.vcxproj" on node 2 (Build target(s)).
     1>InitializeBuildStatus:
         Creating "Debug\OpenGL_Practice.tlog\unsuccessfulbuild" because "AlwaysCreate" was specified.
       ClCompile:
         All outputs are up-to-date.
         C:\Program Files (x86)\Microsoft Visual Studio\2017\Community\VC\Tools\MSVC\14.15.26726\bin\HostX86\x86\CL.exe /c /ZI /JMC /nologo /W3 /WX- /diagnostics:classic /sdl /Od /Oy- /D _MBCS /Gm- /EHsc /RTC1 /MDd /GS /fp:precise /permissive- /Zc:wchar_t /Zc:forScope /Zc:inline /Fo"Debug\\" /Fd"Debug\vc141.pdb" /Gd /TP /analyze- /FC /errorReport:prompt HelloWorld.cpp
         HelloWorld.cpp
       Link:
         C:\Program Files (x86)\Microsoft Visual Studio\2017\Community\VC\Tools\MSVC\14.15.26726\bin\HostX86\x86\link.exe /ERRORREPORT:PROMPT /OUT:"C:\Users\cagri.ozcan\Documents\Git_Projects\OPENGL\OpenGL_Practice\Debug\OpenGL_Practice.exe" /INCREMENTAL /NOLOGO opengl32.lib glfw3.lib kernel32.lib user32.lib gdi32.lib winspool.lib comdlg32.lib advapi32.lib shell32.lib ole32.lib oleaut32.lib uuid.lib odbc32.lib odbccp32.lib /MANIFEST /MANIFESTUAC:"level='asInvoker' uiAccess='false'" /manifest:embed /DEBUG:FASTLINK /PDB:"C:\Users\cagri.ozcan\Documents\Git_Projects\OPENGL\OpenGL_Practice\Debug\OpenGL_Practice.pdb" /TLBID:1 /DYNAMICBASE /NXCOMPAT /IMPLIB:"C:\Users\cagri.ozcan\Documents\Git_Projects\OPENGL\OpenGL_Practice\Debug\OpenGL_Practice.lib" /MACHINE:X86 Debug\glad.obj
         Debug\HelloWorld.obj
         OpenGL_Practice.vcxproj -> C:\Users\cagri.ozcan\Documents\Git_Projects\OPENGL\OpenGL_Practice\Debug\OpenGL_Practice.exe
       FinalizeBuildStatus:
         Deleting file "Debug\OpenGL_Practice.tlog\unsuccessfulbuild".
         Touching "Debug\OpenGL_Practice.tlog\OpenGL_Practice.lastbuildstate".
     1>Done Building Project "C:\Users\cagri.ozcan\Documents\Git_Projects\OPENGL\OpenGL_Practice\OpenGL_Practice\OpenGL_Practice.vcxproj" (Build target(s)).

Build succeeded.
    0 Warning(s)
    0 Error(s)

Time Elapsed 00:00:01.27
